2023-01-19 19:08:51,435 [Worker-7: Loading available Gradle versions] INFO  o.e.b.c.i.u.g.PublishedGradleVersions - Gradle version information cache is up-to-date. Trying to read.
2023-01-19 19:11:33,578 [Worker-1: Loading available Gradle versions] INFO  o.e.b.c.i.u.g.PublishedGradleVersions - Gradle version information cache is up-to-date. Trying to read.
2023-01-19 19:21:35,918 [Worker-2: Loading available Gradle versions] INFO  o.e.b.c.i.u.g.PublishedGradleVersions - Gradle version information cache is up-to-date. Trying to read.
2023-01-22 13:32:27,759 [Worker-3: Loading available Gradle versions] INFO  o.e.b.c.i.u.g.PublishedGradleVersions - Gradle version information cache is out-of-date. Trying to update.
2023-01-22 18:36:01,443 [Worker-3: Loading available Gradle versions] INFO  o.e.b.c.i.u.g.PublishedGradleVersions - Gradle version information cache is up-to-date. Trying to read.
2023-01-22 18:42:32,537 [Worker-2: Loading available Gradle versions] INFO  o.e.b.c.i.u.g.PublishedGradleVersions - Gradle version information cache is up-to-date. Trying to read.
2023-01-22 18:51:33,267 [Worker-1: Loading available Gradle versions] INFO  o.e.b.c.i.u.g.PublishedGradleVersions - Gradle version information cache is up-to-date. Trying to read.
2023-02-05 05:01:16,774 [Worker-1: Loading available Gradle versions] INFO  o.e.b.c.i.u.g.PublishedGradleVersions - Gradle version information cache is out-of-date. Trying to update.
2023-02-05 05:07:51,723 [Worker-0: Loading available Gradle versions] INFO  o.e.b.c.i.u.g.PublishedGradleVersions - Gradle version information cache is up-to-date. Trying to read.
2023-02-05 06:27:29,842 [Worker-1: Loading available Gradle versions] INFO  o.e.b.c.i.u.g.PublishedGradleVersions - Gradle version information cache is up-to-date. Trying to read.
2023-02-05 16:17:21,117 [Worker-2: Loading available Gradle versions] INFO  o.e.b.c.i.u.g.PublishedGradleVersions - Gradle version information cache is up-to-date. Trying to read.
2023-02-05 18:34:43,656 [Worker-7: Loading available Gradle versions] INFO  o.e.b.c.i.u.g.PublishedGradleVersions - Gradle version information cache is up-to-date. Trying to read.
2023-02-18 07:24:09,416 [Worker-2: Loading available Gradle versions] INFO  o.e.b.c.i.u.g.PublishedGradleVersions - Gradle version information cache is out-of-date. Trying to update.
2023-02-19 07:00:17,913 [Worker-1: Loading available Gradle versions] INFO  o.e.b.c.i.u.g.PublishedGradleVersions - Gradle version information cache is up-to-date. Trying to read.
2023-02-26 09:48:52,686 [Worker-2: Loading available Gradle versions] INFO  o.e.b.c.i.u.g.PublishedGradleVersions - Gradle version information cache is out-of-date. Trying to update.
2023-02-27 18:33:49,388 [Worker-3: Loading available Gradle versions] INFO  o.e.b.c.i.u.g.PublishedGradleVersions - Gradle version information cache is out-of-date. Trying to update.
2023-03-02 07:59:47,742 [Worker-2: Loading available Gradle versions] INFO  o.e.b.c.i.u.g.PublishedGradleVersions - Gradle version information cache is out-of-date. Trying to update.
2023-03-02 08:53:38,196 [Start Help Server] INFO  org.eclipse.jetty.server.Server - jetty-10.0.12; built: 2022-09-14T01:54:40.076Z; git: 408d0139887e27a57b54ed52e2d92a36731a7e88; jvm 17.0.5+8
2023-03-02 08:53:38,286 [Start Help Server] INFO  o.e.j.s.s.DefaultSessionIdManager - Session workerName=node0
2023-03-02 08:53:38,349 [Start Help Server] INFO  o.e.j.server.handler.ContextHandler - Started o.e.j.s.ServletContextHandler@b0a679e{/help,null,AVAILABLE}
2023-03-02 08:53:38,380 [Start Help Server] INFO  o.e.jetty.server.AbstractConnector - Started ServerConnector@3f4c6100{HTTP/1.1, (http/1.1)}{127.0.0.1:59188}
2023-03-02 08:53:38,442 [Start Help Server] INFO  org.eclipse.jetty.server.Server - Started Server@2da2a06e{STARTING}[10.0.12,sto=0] @3256925ms
2023-03-06 07:56:32,984 [Worker-4: Loading available Gradle versions] INFO  o.e.b.c.i.u.g.PublishedGradleVersions - Gradle version information cache is out-of-date. Trying to update.
2023-03-06 10:21:06,357 [Start Help Server] INFO  org.eclipse.jetty.server.Server - jetty-10.0.12; built: 2022-09-14T01:54:40.076Z; git: 408d0139887e27a57b54ed52e2d92a36731a7e88; jvm 17.0.5+8
2023-03-06 10:21:06,473 [Start Help Server] INFO  o.e.j.s.s.DefaultSessionIdManager - Session workerName=node0
2023-03-06 10:21:06,514 [Start Help Server] INFO  o.e.j.server.handler.ContextHandler - Started o.e.j.s.ServletContextHandler@2ab488ab{/help,null,AVAILABLE}
2023-03-06 10:21:06,540 [Start Help Server] INFO  o.e.jetty.server.AbstractConnector - Started ServerConnector@2b97cece{HTTP/1.1, (http/1.1)}{127.0.0.1:51538}
2023-03-06 10:21:06,598 [Start Help Server] INFO  org.eclipse.jetty.server.Server - Started Server@34c9b148{STARTING}[10.0.12,sto=0] @8804527ms
2023-03-12 07:15:58,779 [Stop Help Server] INFO  org.eclipse.jetty.server.Server - Stopped Server@34c9b148{STOPPING}[10.0.12,sto=0]
2023-03-12 07:15:58,807 [Stop Help Server] INFO  o.e.jetty.server.AbstractConnector - Stopped ServerConnector@2b97cece{HTTP/1.1, (http/1.1)}{127.0.0.1:0}
2023-03-12 07:15:58,850 [Stop Help Server] INFO  o.e.j.server.handler.ContextHandler - Stopped o.e.j.s.ServletContextHandler@2ab488ab{/help,null,STOPPED}
2023-03-16 12:03:49,306 [Worker-4: Loading available Gradle versions] INFO  o.e.b.c.i.u.g.PublishedGradleVersions - Gradle version information cache is out-of-date. Trying to update.
2023-03-16 12:13:26,818 [Worker-2: Loading available Gradle versions] INFO  o.e.b.c.i.u.g.PublishedGradleVersions - Gradle version information cache is up-to-date. Trying to read.
2023-03-16 16:29:33,851 [Start Help Server] INFO  org.eclipse.jetty.server.Server - jetty-10.0.12; built: 2022-09-14T01:54:40.076Z; git: 408d0139887e27a57b54ed52e2d92a36731a7e88; jvm 17.0.5+8
2023-03-16 16:29:33,884 [Start Help Server] INFO  o.e.j.s.s.DefaultSessionIdManager - Session workerName=node0
2023-03-16 16:29:33,923 [Start Help Server] INFO  o.e.j.server.handler.ContextHandler - Started o.e.j.s.ServletContextHandler@16a441f4{/help,null,AVAILABLE}
2023-03-16 16:29:33,947 [Start Help Server] INFO  o.e.jetty.server.AbstractConnector - Started ServerConnector@74421a1f{HTTP/1.1, (http/1.1)}{127.0.0.1:58976}
2023-03-16 16:29:34,016 [Start Help Server] INFO  org.eclipse.jetty.server.Server - Started Server@376c8114{STARTING}[10.0.12,sto=0] @15384200ms
2023-03-17 06:44:33,641 [Worker-9: Loading available Gradle versions] INFO  o.e.b.c.i.u.g.PublishedGradleVersions - Gradle version information cache is up-to-date. Trying to read.
2023-03-17 08:43:01,214 [Start Help Server] INFO  org.eclipse.jetty.server.Server - jetty-10.0.12; built: 2022-09-14T01:54:40.076Z; git: 408d0139887e27a57b54ed52e2d92a36731a7e88; jvm 17.0.5+8
2023-03-17 08:43:01,250 [Start Help Server] INFO  o.e.j.s.s.DefaultSessionIdManager - Session workerName=node0
2023-03-17 08:43:01,304 [Start Help Server] INFO  o.e.j.server.handler.ContextHandler - Started o.e.j.s.ServletContextHandler@297b2a69{/help,null,AVAILABLE}
2023-03-17 08:43:01,328 [Start Help Server] INFO  o.e.jetty.server.AbstractConnector - Started ServerConnector@5c371ce0{HTTP/1.1, (http/1.1)}{127.0.0.1:53097}
2023-03-17 08:43:01,408 [Start Help Server] INFO  org.eclipse.jetty.server.Server - Started Server@6dfcbf3c{STARTING}[10.0.12,sto=0] @7142686ms
2023-03-18 18:19:34,438 [Stop Help Server] INFO  org.eclipse.jetty.server.Server - Stopped Server@6dfcbf3c{STOPPING}[10.0.12,sto=0]
2023-03-18 18:19:34,462 [Stop Help Server] INFO  o.e.jetty.server.AbstractConnector - Stopped ServerConnector@5c371ce0{HTTP/1.1, (http/1.1)}{127.0.0.1:0}
2023-03-18 18:19:34,490 [Stop Help Server] INFO  o.e.j.server.handler.ContextHandler - Stopped o.e.j.s.ServletContextHandler@297b2a69{/help,null,STOPPED}
2023-03-20 18:23:34,888 [Worker-4: Loading available Gradle versions] INFO  o.e.b.c.i.u.g.PublishedGradleVersions - Gradle version information cache is out-of-date. Trying to update.
2023-03-20 20:30:51,587 [Start Help Server] INFO  org.eclipse.jetty.server.Server - jetty-10.0.12; built: 2022-09-14T01:54:40.076Z; git: 408d0139887e27a57b54ed52e2d92a36731a7e88; jvm 17.0.5+8
2023-03-20 20:30:51,612 [Start Help Server] INFO  o.e.j.s.s.DefaultSessionIdManager - Session workerName=node0
2023-03-20 20:30:51,648 [Start Help Server] INFO  o.e.j.server.handler.ContextHandler - Started o.e.j.s.ServletContextHandler@358ead51{/help,null,AVAILABLE}
2023-03-20 20:30:51,671 [Start Help Server] INFO  o.e.jetty.server.AbstractConnector - Started ServerConnector@37071858{HTTP/1.1, (http/1.1)}{127.0.0.1:62198}
2023-03-20 20:30:51,736 [Start Help Server] INFO  org.eclipse.jetty.server.Server - Started Server@5a5d5845{STARTING}[10.0.12,sto=0] @7675012ms
2023-03-21 14:18:02,331 [Stop Help Server] INFO  org.eclipse.jetty.server.Server - Stopped Server@5a5d5845{STOPPING}[10.0.12,sto=0]
2023-03-21 14:18:02,336 [Stop Help Server] INFO  o.e.jetty.server.AbstractConnector - Stopped ServerConnector@37071858{HTTP/1.1, (http/1.1)}{127.0.0.1:0}
2023-03-21 14:18:02,351 [Stop Help Server] INFO  o.e.j.server.handler.ContextHandler - Stopped o.e.j.s.ServletContextHandler@358ead51{/help,null,STOPPED}
2023-03-21 14:20:11,014 [Worker-1: Loading available Gradle versions] INFO  o.e.b.c.i.u.g.PublishedGradleVersions - Gradle version information cache is up-to-date. Trying to read.
2023-03-22 06:30:17,112 [Start Help Server] INFO  org.eclipse.jetty.server.Server - jetty-10.0.12; built: 2022-09-14T01:54:40.076Z; git: 408d0139887e27a57b54ed52e2d92a36731a7e88; jvm 17.0.5+8
2023-03-22 06:30:17,242 [Start Help Server] INFO  o.e.j.s.s.DefaultSessionIdManager - Session workerName=node0
2023-03-22 06:30:17,285 [Start Help Server] INFO  o.e.j.server.handler.ContextHandler - Started o.e.j.s.ServletContextHandler@6796d8a5{/help,null,AVAILABLE}
2023-03-22 06:30:17,316 [Start Help Server] INFO  o.e.jetty.server.AbstractConnector - Started ServerConnector@2d76649e{HTTP/1.1, (http/1.1)}{127.0.0.1:65289}
2023-03-22 06:30:17,321 [Start Help Server] INFO  org.eclipse.jetty.server.Server - Started Server@4108a604{STARTING}[10.0.12,sto=0] @58333379ms
2023-03-22 06:58:12,863 [Stop Help Server] INFO  org.eclipse.jetty.server.Server - Stopped Server@4108a604{STOPPING}[10.0.12,sto=0]
2023-03-22 06:58:12,869 [Stop Help Server] INFO  o.e.jetty.server.AbstractConnector - Stopped ServerConnector@2d76649e{HTTP/1.1, (http/1.1)}{127.0.0.1:0}
2023-03-22 06:58:12,883 [Stop Help Server] INFO  o.e.j.server.handler.ContextHandler - Stopped o.e.j.s.ServletContextHandler@6796d8a5{/help,null,STOPPED}
2023-03-22 06:58:44,901 [Worker-1: Loading available Gradle versions] INFO  o.e.b.c.i.u.g.PublishedGradleVersions - Gradle version information cache is out-of-date. Trying to update.
2023-03-22 07:03:38,724 [Start Help Server] INFO  org.eclipse.jetty.server.Server - jetty-10.0.12; built: 2022-09-14T01:54:40.076Z; git: 408d0139887e27a57b54ed52e2d92a36731a7e88; jvm 17.0.5+8
2023-03-22 07:03:38,755 [Start Help Server] INFO  o.e.j.s.s.DefaultSessionIdManager - Session workerName=node0
2023-03-22 07:03:38,802 [Start Help Server] INFO  o.e.j.server.handler.ContextHandler - Started o.e.j.s.ServletContextHandler@77d85ff3{/help,null,AVAILABLE}
2023-03-22 07:03:38,833 [Start Help Server] INFO  o.e.jetty.server.AbstractConnector - Started ServerConnector@bdd498b{HTTP/1.1, (http/1.1)}{127.0.0.1:50789}
2023-03-22 07:03:38,833 [Start Help Server] INFO  org.eclipse.jetty.server.Server - Started Server@2b5cd7bc{STARTING}[10.0.12,sto=0] @320327ms
2023-03-24 07:49:17,585 [Stop Help Server] INFO  org.eclipse.jetty.server.Server - Stopped Server@2b5cd7bc{STOPPING}[10.0.12,sto=0]
2023-03-24 07:49:17,661 [Stop Help Server] INFO  o.e.jetty.server.AbstractConnector - Stopped ServerConnector@bdd498b{HTTP/1.1, (http/1.1)}{127.0.0.1:0}
2023-03-24 07:49:17,837 [Stop Help Server] INFO  o.e.j.server.handler.ContextHandler - Stopped o.e.j.s.ServletContextHandler@77d85ff3{/help,null,STOPPED}
2023-03-24 07:49:50,796 [Worker-8: Loading available Gradle versions] INFO  o.e.b.c.i.u.g.PublishedGradleVersions - Gradle version information cache is out-of-date. Trying to update.
2023-03-24 10:24:02,342 [Start Help Server] INFO  org.eclipse.jetty.server.Server - jetty-10.0.12; built: 2022-09-14T01:54:40.076Z; git: 408d0139887e27a57b54ed52e2d92a36731a7e88; jvm 17.0.5+8
2023-03-24 10:24:02,379 [Start Help Server] INFO  o.e.j.s.s.DefaultSessionIdManager - Session workerName=node0
2023-03-24 10:24:02,426 [Start Help Server] INFO  o.e.j.server.handler.ContextHandler - Started o.e.j.s.ServletContextHandler@77db3ab7{/help,null,AVAILABLE}
2023-03-24 10:24:02,457 [Start Help Server] INFO  o.e.jetty.server.AbstractConnector - Started ServerConnector@3a4f63a8{HTTP/1.1, (http/1.1)}{127.0.0.1:57520}
2023-03-24 10:24:02,457 [Start Help Server] INFO  org.eclipse.jetty.server.Server - Started Server@691cf3c1{STARTING}[10.0.12,sto=0] @9280911ms
2023-03-24 15:58:15,818 [Stop Help Server] INFO  org.eclipse.jetty.server.Server - Stopped Server@691cf3c1{STOPPING}[10.0.12,sto=0]
2023-03-24 15:58:15,829 [Stop Help Server] INFO  o.e.jetty.server.AbstractConnector - Stopped ServerConnector@3a4f63a8{HTTP/1.1, (http/1.1)}{127.0.0.1:0}
2023-03-24 15:58:15,855 [Stop Help Server] INFO  o.e.j.server.handler.ContextHandler - Stopped o.e.j.s.ServletContextHandler@77db3ab7{/help,null,STOPPED}
2023-03-24 15:58:39,140 [Worker-1: Loading available Gradle versions] INFO  o.e.b.c.i.u.g.PublishedGradleVersions - Gradle version information cache is up-to-date. Trying to read.
2023-03-24 16:10:02,681 [Start Help Server] INFO  org.eclipse.jetty.server.Server - jetty-10.0.12; built: 2022-09-14T01:54:40.076Z; git: 408d0139887e27a57b54ed52e2d92a36731a7e88; jvm 17.0.5+8
2023-03-24 16:10:02,712 [Start Help Server] INFO  o.e.j.s.s.DefaultSessionIdManager - Session workerName=node0
2023-03-24 16:10:02,750 [Start Help Server] INFO  o.e.j.server.handler.ContextHandler - Started o.e.j.s.ServletContextHandler@411ba676{/help,null,AVAILABLE}
2023-03-24 16:10:02,773 [Start Help Server] INFO  o.e.jetty.server.AbstractConnector - Started ServerConnector@31460584{HTTP/1.1, (http/1.1)}{127.0.0.1:55616}
2023-03-24 16:10:02,789 [Start Help Server] INFO  org.eclipse.jetty.server.Server - Started Server@492126fa{STARTING}[10.0.12,sto=0] @696132ms
2023-03-24 20:09:49,089 [Stop Help Server] INFO  org.eclipse.jetty.server.Server - Stopped Server@492126fa{STOPPING}[10.0.12,sto=0]
2023-03-24 20:09:49,094 [Stop Help Server] INFO  o.e.jetty.server.AbstractConnector - Stopped ServerConnector@31460584{HTTP/1.1, (http/1.1)}{127.0.0.1:0}
2023-03-24 20:09:49,112 [Stop Help Server] INFO  o.e.j.server.handler.ContextHandler - Stopped o.e.j.s.ServletContextHandler@411ba676{/help,null,STOPPED}
2023-03-24 20:10:09,488 [Worker-1: Loading available Gradle versions] INFO  o.e.b.c.i.u.g.PublishedGradleVersions - Gradle version information cache is up-to-date. Trying to read.
2023-03-24 20:25:06,733 [Start Help Server] INFO  org.eclipse.jetty.server.Server - jetty-10.0.12; built: 2022-09-14T01:54:40.076Z; git: 408d0139887e27a57b54ed52e2d92a36731a7e88; jvm 17.0.5+8
2023-03-24 20:25:06,780 [Start Help Server] INFO  o.e.j.s.s.DefaultSessionIdManager - Session workerName=node0
2023-03-24 20:25:06,822 [Start Help Server] INFO  o.e.j.server.handler.ContextHandler - Started o.e.j.s.ServletContextHandler@7d8a9530{/help,null,AVAILABLE}
2023-03-24 20:25:06,846 [Start Help Server] INFO  o.e.jetty.server.AbstractConnector - Started ServerConnector@4f5d444b{HTTP/1.1, (http/1.1)}{127.0.0.1:58329}
2023-03-24 20:25:06,865 [Start Help Server] INFO  org.eclipse.jetty.server.Server - Started Server@7afa0fd0{STARTING}[10.0.12,sto=0] @912825ms
2023-03-27 17:25:01,174 [Stop Help Server] INFO  org.eclipse.jetty.server.Server - Stopped Server@7afa0fd0{STOPPING}[10.0.12,sto=0]
2023-03-27 17:25:01,181 [Stop Help Server] INFO  o.e.jetty.server.AbstractConnector - Stopped ServerConnector@4f5d444b{HTTP/1.1, (http/1.1)}{127.0.0.1:0}
2023-03-27 17:25:01,231 [Stop Help Server] INFO  o.e.j.server.handler.ContextHandler - Stopped o.e.j.s.ServletContextHandler@7d8a9530{/help,null,STOPPED}
2023-03-27 17:25:27,647 [Worker-2: Loading available Gradle versions] INFO  o.e.b.c.i.u.g.PublishedGradleVersions - Gradle version information cache is out-of-date. Trying to update.
